#
# A fatal error has been detected by the Java Runtime Environment:
#
#  EXCEPTION_ACCESS_VIOLATION (0xc0000005) at pc=0x00007ffda5135359, pid=18908, tid=13928
#
# JRE version: Java(TM) SE Runtime Environment 18.9 (11.0.21+9) (build 11.0.21+9-LTS-193)
# Java VM: Java HotSpot(TM) 64-Bit Server VM 18.9 (11.0.21+9-LTS-193, mixed mode, tiered, compressed oops, g1 gc, windows-amd64)
# Problematic frame:
# V  [jvm.dll+0x6e5359]
#
# No core dump will be written. Minidumps are not enabled by default on client versions of Windows
#
# If you would like to submit a bug report, please visit:
#   https://bugreport.java.com/bugreport/crash.jsp
#

---------------  S U M M A R Y ------------

Command Line: -agentlib:jdwp=transport=dt_socket,address=127.0.0.1:49306,suspend=y,server=n -ea -javaagent:C:\Users\docen\.m2\repository/org/aspectj/aspectjweaver/1.9.22/aspectjweaver-1.9.22.jar -Didea.test.cyclic.buffer.size=1048576 -javaagent:C:\Users\docen\AppData\Local\JetBrains\IdeaIC2024.1\captureAgent\debugger-agent.jar=file:/C:/Users/docen/AppData/Local/Temp/capture.props -Dfile.encoding=UTF-8 com.intellij.rt.junit.JUnitStarter -ideVersion5 -junit5 test.ApiLoginOld,getProfilCookie

Host: AMD Ryzen 5 3600 6-Core Processor              , 12 cores, 15G,  Windows 10 , 64 bit Build 19041 (10.0.19041.4717)
Time: Wed Sep 11 12:24:25 2024 RTZ 4 (s 10 , 64 bit Build 19041 (10.0.19041.4717) elapsed time: 1699.951143 seconds (0d 0h 28m 19s)

---------------  T H R E A D  ---------------

Current thread (0x000001d5e948a000):  VMThread "VM Thread" [stack: 0x000000870e500000,0x000000870e600000] [id=13928]

Stack: [0x000000870e500000,0x000000870e600000],  sp=0x000000870e5fee50,  free space=1019k
Native frames: (J=compiled Java code, j=interpreted, Vv=VM code, C=native code)
V  [jvm.dll+0x6e5359]
V  [jvm.dll+0x339073]
V  [jvm.dll+0x33b18a]
V  [jvm.dll+0x33b80e]
V  [jvm.dll+0x338ea5]
V  [jvm.dll+0x337f65]
V  [jvm.dll+0x64f92d]
V  [jvm.dll+0x64f523]
V  [jvm.dll+0x615728]
V  [jvm.dll+0x51eaa1]
V  [jvm.dll+0x7abc3c]
V  [jvm.dll+0x7a9ec5]
V  [jvm.dll+0x7aa702]
V  [jvm.dll+0x7aaa17]
V  [jvm.dll+0x75fc44]
V  [jvm.dll+0x65f435]
C  [ucrtbase.dll+0x21bb2]
C  [KERNEL32.DLL+0x17374]
C  [ntdll.dll+0x4cc91]


siginfo: EXCEPTION_ACCESS_VIOLATION (0xc0000005), reading address 0x0000000000000006


Register to memory mapping:

RIP=0x00007ffda5135359 jvm.dll
RAX=0x0 is NULL
RBX=0x000000870e5feec0 points into unknown readable memory: 0x00007ffda52febc8 | c8 eb 2f a5 fd 7f 00 00
RCX=0x000000870e5feec0 points into unknown readable memory: 0x00007ffda52febc8 | c8 eb 2f a5 fd 7f 00 00
RDX=0x0 is NULL
RSP=0x000000870e5fee50 points into unknown readable memory: 0x000000870e5feec0 | c0 ee 5f 0e 87 00 00 00
RBP=0x000000870e5ff420 points into unknown readable memory: 0x00007ffda52fec28 | 28 ec 2f a5 fd 7f 00 00
RSI=0x0 is NULL
RDI=0x000000870e5ff5f0 points into unknown readable memory: 0x00007ffda5340560 | 60 05 34 a5 fd 7f 00 00
R8 =0x0 is NULL
R9 =0x000001d5ebef1168 is pointing into metadata
R10=0x000000870e5ff5f0 points into unknown readable memory: 0x00007ffda5340560 | 60 05 34 a5 fd 7f 00 00
R11=0x000000870e5ff320 points into unknown readable memory: 0x00000000000000b9 | b9 00 00 00 00 00 00 00
R12=0x00007ffda4a50000 jvm.dll
R13=0x000001d5e9447770 points into unknown readable memory: 0x00000000a533dd00 | 00 dd 33 a5 00 00 00 00
R14=0x000001d5ebef1a3c is pointing into metadata
R15=0x0000000000000070 is an unknown value


Registers:
RAX=0x0000000000000000, RBX=0x000000870e5feec0, RCX=0x000000870e5feec0, RDX=0x0000000000000000
RSP=0x000000870e5fee50, RBP=0x000000870e5ff420, RSI=0x0000000000000000, RDI=0x000000870e5ff5f0
R8 =0x0000000000000000, R9 =0x000001d5ebef1168, R10=0x000000870e5ff5f0, R11=0x000000870e5ff320
R12=0x00007ffda4a50000, R13=0x000001d5e9447770, R14=0x000001d5ebef1a3c, R15=0x0000000000000070
RIP=0x00007ffda5135359, EFLAGS=0x0000000000010206

Top of Stack: (sp=0x000000870e5fee50)
0x000000870e5fee50:   000000870e5feec0 00007ffda4ca1c2e
0x000000870e5fee60:   000001d5ed663480 00007ffda51358ac
0x000000870e5fee70:   000001d5c41d0000 00007ffe0be7ee55
0x000000870e5fee80:   0000000000000000 00007ffda4d89073
0x000000870e5fee90:   000000870e5ff420 000000870e5ff5f0
0x000000870e5feea0:   0000000000000000 00007ffda4ca1c2e
0x000000870e5feeb0:   ffffffffffffffff 0000000000000000
0x000000870e5feec0:   00007ffda52febc8 0000000000000000
0x000000870e5feed0:   0000000000000000 00007ffd0000000c
0x000000870e5feee0:   000000870e5feef0 0000008700000000
0x000000870e5feef0:   000000004600003c 000001d5e94477a4
0x000000870e5fef00:   4fffffff4fffffff 4fffffff4fffffff
0x000000870e5fef10:   00007ffda52febc8 000001d5ead3e770
0x000000870e5fef20:   0000000000000002 00007ffd0000000c
0x000000870e5fef30:   000000870e5fef50 00007ffd00000001
0x000000870e5fef40:   0000000046000069 000001d5eab18900 

Instructions: (pc=0x00007ffda5135359)
0x00007ffda5135339:   52 6e 00 cc cc cc cc 40 53 48 83 ec 30 48 8b 41
0x00007ffda5135349:   08 48 8b d9 c7 41 10 00 00 00 00 48 89 7c 24 48
0x00007ffda5135359:   80 78 06 28 74 2b 4c 8d 0d 4a bd 21 00 c7 44 24
0x00007ffda5135369:   20 28 00 00 00 41 b8 35 00 00 00 48 8d 15 45 bd 


Stack slot to memory mapping:
stack at sp + 0 slots: 0x000000870e5feec0 points into unknown readable memory: 0x00007ffda52febc8 | c8 eb 2f a5 fd 7f 00 00
stack at sp + 1 slots: 0x00007ffda4ca1c2e jvm.dll
stack at sp + 2 slots: 0x000001d5ed663480 points into unknown readable memory: 0x000001d5eb1ff880 | 80 f8 1f eb d5 01 00 00
stack at sp + 3 slots: 0x00007ffda51358ac jvm.dll
stack at sp + 4 slots: 0x000001d5c41d0000 points into unknown readable memory: 0x0000000000000000 | 00 00 00 00 00 00 00 00
stack at sp + 5 slots: 0x00007ffe0be7ee55 ntdll.dll
stack at sp + 6 slots: 0x0 is NULL
stack at sp + 7 slots: 0x00007ffda4d89073 jvm.dll

VM_Operation (0x000000870f0ff270): GetOrSetLocal, mode: safepoint, requested by thread 0x000001d5ea075000


---------------  P R O C E S S  ---------------

Threads class SMR info:
_java_thread_list=0x000001d5ee2eecf0, length=13, elements={
0x000001d5c6327800, 0x000001d5e948c000, 0x000001d5e9d3a800, 0x000001d5e9d8c800,
0x000001d5e9d8e800, 0x000001d5e9d91000, 0x000001d5e9d94000, 0x000001d5e9d9c800,
0x000001d5e9db1800, 0x000001d5e9f12000, 0x000001d5ea075000, 0x000001d5ea047800,
0x000001d5ea048000
}

Java Threads: ( => current thread )
  0x000001d5c6327800 JavaThread "main" [_thread_blocked, id=17212, stack(0x000000870df00000,0x000000870e000000)]
  0x000001d5e948c000 JavaThread "Reference Handler" daemon [_thread_blocked, id=10216, stack(0x000000870e600000,0x000000870e700000)]
  0x000001d5e9d3a800 JavaThread "Finalizer" daemon [_thread_blocked, id=17720, stack(0x000000870e700000,0x000000870e800000)]
  0x000001d5e9d8c800 JavaThread "Signal Dispatcher" daemon [_thread_blocked, id=11092, stack(0x000000870e800000,0x000000870e900000)]
  0x000001d5e9d8e800 JavaThread "Attach Listener" daemon [_thread_blocked, id=19356, stack(0x000000870e900000,0x000000870ea00000)]
  0x000001d5e9d91000 JavaThread "Service Thread" daemon [_thread_blocked, id=18108, stack(0x000000870ea00000,0x000000870eb00000)]
  0x000001d5e9d94000 JavaThread "C2 CompilerThread0" daemon [_thread_blocked, id=11972, stack(0x000000870eb00000,0x000000870ec00000)]
  0x000001d5e9d9c800 JavaThread "C1 CompilerThread0" daemon [_thread_blocked, id=12612, stack(0x000000870ec00000,0x000000870ed00000)]
  0x000001d5e9db1800 JavaThread "Sweeper thread" daemon [_thread_blocked, id=9336, stack(0x000000870ed00000,0x000000870ee00000)]
  0x000001d5e9f12000 JavaThread "Common-Cleaner" daemon [_thread_blocked, id=2944, stack(0x000000870ee00000,0x000000870ef00000)]
  0x000001d5ea075000 JavaThread "JDWP Transport Listener: dt_socket" daemon [_thread_blocked, id=18872, stack(0x000000870f000000,0x000000870f100000)] _threads_hazard_ptr=0x000001d5ee2eecf0
  0x000001d5ea047800 JavaThread "JDWP Event Helper Thread" daemon [_thread_blocked, id=12560, stack(0x000000870f100000,0x000000870f200000)]
  0x000001d5ea048000 JavaThread "JDWP Command Reader" daemon [_thread_in_native, id=17064, stack(0x000000870f200000,0x000000870f300000)]

Other Threads:
=>0x000001d5e948a000 VMThread "VM Thread" [stack: 0x000000870e500000,0x000000870e600000] [id=13928]
  0x000001d5ea84c000 WatcherThread [stack: 0x000000870f300000,0x000000870f400000] [id=11388]
  0x000001d5c633d800 GCTaskThread "GC Thread#0" [stack: 0x000000870e000000,0x000000870e100000] [id=18956]
  0x000001d5eaac2800 GCTaskThread "GC Thread#1" [stack: 0x000000870f500000,0x000000870f600000] [id=17908]
  0x000001d5eac41800 GCTaskThread "GC Thread#2" [stack: 0x000000870f600000,0x000000870f700000] [id=9780]
  0x000001d5ea93c000 GCTaskThread "GC Thread#3" [stack: 0x000000870f700000,0x000000870f800000] [id=19376]
  0x000001d5ea846800 GCTaskThread "GC Thread#4" [stack: 0x000000870f800000,0x000000870f900000] [id=18904]
  0x000001d5eaaa1000 GCTaskThread "GC Thread#5" [stack: 0x000000870f900000,0x000000870fa00000] [id=17796]
  0x000001d5c639d800 ConcurrentGCThread "G1 Main Marker" [stack: 0x000000870e100000,0x000000870e200000] [id=19036]
  0x000001d5c63a0000 ConcurrentGCThread "G1 Conc#0" [stack: 0x000000870e200000,0x000000870e300000] [id=19152]
  0x000001d5ed234800 ConcurrentGCThread "G1 Conc#1" [stack: 0x000000870fa00000,0x000000870fb00000] [id=19364]
  0x000001d5ecd17000 ConcurrentGCThread "G1 Conc#2" [stack: 0x000000870fb00000,0x000000870fc00000] [id=17448]
  0x000001d5e9373800 ConcurrentGCThread "G1 Refine#0" [stack: 0x000000870e300000,0x000000870e400000] [id=19336]
  0x000001d5e9374800 ConcurrentGCThread "G1 Young RemSet Sampling" [stack: 0x000000870e400000,0x000000870e500000] [id=19352]

Threads with active compile tasks:

VM state:at safepoint (normal execution)

VM Mutex/Monitor currently owned by a thread:  ([mutex/lock_event])
[0x000001d5c6324470] Threads_lock - owner thread: 0x000001d5e948a000

Heap address: 0x0000000701000000, size: 4080 MB, Compressed Oops mode: Zero based, Oop shift amount: 3
Narrow klass base: 0x0000000800000000, Narrow klass shift: 0
Compressed class space size: 1073741824 Address: 0x0000000800000000

Heap:
 garbage-first heap   total 262144K, used 66041K [0x0000000701000000, 0x0000000800000000)
  region size 1024K, 45 young (46080K), 2 survivors (2048K)
 Metaspace       used 24110K, capacity 24914K, committed 25088K, reserved 1071104K
  class space    used 2445K, capacity 2741K, committed 2816K, reserved 1048576K
Heap Regions: E=young(eden), S=young(survivor), O=old, HS=humongous(starts), HC=humongous(continues), CS=collection set, F=free, A=archive, TAMS=top-at-mark-start (previous, next)
|   0|0x0000000701000000, 0x0000000701100000, 0x0000000701100000|100%| O|  |TAMS 0x0000000701100000, 0x0000000701000000| Untracked 
|   1|0x0000000701100000, 0x0000000701200000, 0x0000000701200000|100%| O|  |TAMS 0x0000000701200000, 0x0000000701100000| Untracked 
|   2|0x0000000701200000, 0x0000000701300000, 0x0000000701300000|100%| O|  |TAMS 0x0000000701300000, 0x0000000701200000| Untracked 
|   3|0x0000000701300000, 0x0000000701400000, 0x0000000701400000|100%| O|  |TAMS 0x0000000701400000, 0x0000000701300000| Untracked 
|   4|0x0000000701400000, 0x0000000701500000, 0x0000000701500000|100%| O|  |TAMS 0x0000000701500000, 0x0000000701400000| Untracked 
|   5|0x0000000701500000, 0x0000000701600000, 0x0000000701600000|100%| O|  |TAMS 0x0000000701600000, 0x0000000701500000| Untracked 
|   6|0x0000000701600000, 0x0000000701700000, 0x0000000701700000|100%| O|  |TAMS 0x0000000701700000, 0x0000000701600000| Untracked 
|   7|0x0000000701700000, 0x0000000701800000, 0x0000000701800000|100%| O|  |TAMS 0x0000000701800000, 0x0000000701700000| Untracked 
|   8|0x0000000701800000, 0x0000000701900000, 0x0000000701900000|100%| O|  |TAMS 0x0000000701900000, 0x0000000701800000| Untracked 
|   9|0x0000000701900000, 0x0000000701a00000, 0x0000000701a00000|100%| O|  |TAMS 0x0000000701a00000, 0x0000000701900000| Untracked 
|  10|0x0000000701a00000, 0x0000000701b00000, 0x0000000701b00000|100%| O|  |TAMS 0x0000000701b00000, 0x0000000701a00000| Untracked 
|  11|0x0000000701b00000, 0x0000000701c00000, 0x0000000701c00000|100%| O|  |TAMS 0x0000000701c00000, 0x0000000701b00000| Untracked 
|  12|0x0000000701c00000, 0x0000000701d00000, 0x0000000701d00000|100%| O|  |TAMS 0x0000000701d00000, 0x0000000701c00000| Untracked 
|  13|0x0000000701d00000, 0x0000000701e00000, 0x0000000701e00000|100%| O|  |TAMS 0x0000000701e00000, 0x0000000701d00000| Untracked 
|  14|0x0000000701e00000, 0x0000000701f00000, 0x0000000701f00000|100%| O|  |TAMS 0x0000000701f00000, 0x0000000701e00000| Untracked 
|  15|0x0000000701f00000, 0x0000000702000000, 0x0000000702000000|100%| O|  |TAMS 0x0000000702000000, 0x0000000701f00000| Untracked 
|  16|0x0000000702000000, 0x0000000702100000, 0x0000000702100000|100%| O|  |TAMS 0x0000000702100000, 0x0000000702000000| Untracked 
|  17|0x0000000702100000, 0x0000000702200000, 0x0000000702200000|100%| O|  |TAMS 0x0000000702200000, 0x0000000702100000| Untracked 
|  18|0x0000000702200000, 0x0000000702300000, 0x0000000702300000|100%| O|  |TAMS 0x0000000702300000, 0x0000000702200000| Untracked 
|  19|0x0000000702300000, 0x0000000702400000, 0x0000000702400000|100%| O|  |TAMS 0x0000000702400000, 0x0000000702300000| Untracked 
|  20|0x0000000702400000, 0x000000070247e400, 0x0000000702500000| 49%| O|  |TAMS 0x000000070247e400, 0x0000000702400000| Untracked 
|  21|0x0000000702500000, 0x0000000702500000, 0x0000000702600000|  0%| F|  |TAMS 0x0000000702500000, 0x0000000702500000| Untracked 
|  22|0x0000000702600000, 0x0000000702600000, 0x0000000702700000|  0%| F|  |TAMS 0x0000000702600000, 0x0000000702600000| Untracked 
|  23|0x0000000702700000, 0x0000000702700000, 0x0000000702800000|  0%| F|  |TAMS 0x0000000702700000, 0x0000000702700000| Untracked 
|  24|0x0000000702800000, 0x0000000702800000, 0x0000000702900000|  0%| F|  |TAMS 0x0000000702800000, 0x0000000702800000| Untracked 
|  25|0x0000000702900000, 0x0000000702900000, 0x0000000702a00000|  0%| F|  |TAMS 0x0000000702900000, 0x0000000702900000| Untracked 
|  26|0x0000000702a00000, 0x0000000702a00000, 0x0000000702b00000|  0%| F|  |TAMS 0x0000000702a00000, 0x0000000702a00000| Untracked 
|  27|0x0000000702b00000, 0x0000000702b00000, 0x0000000702c00000|  0%| F|  |TAMS 0x0000000702b00000, 0x0000000702b00000| Untracked 
|  28|0x0000000702c00000, 0x0000000702c00000, 0x0000000702d00000|  0%| F|  |TAMS 0x0000000702c00000, 0x0000000702c00000| Untracked 
|  29|0x0000000702d00000, 0x0000000702d00000, 0x0000000702e00000|  0%| F|  |TAMS 0x0000000702d00000, 0x0000000702d00000| Untracked 
|  30|0x0000000702e00000, 0x0000000702e00000, 0x0000000702f00000|  0%| F|  |TAMS 0x0000000702e00000, 0x0000000702e00000| Untracked 
|  31|0x0000000702f00000, 0x0000000702f00000, 0x0000000703000000|  0%| F|  |TAMS 0x0000000702f00000, 0x0000000702f00000| Untracked 
|  32|0x0000000703000000, 0x0000000703000000, 0x0000000703100000|  0%| F|  |TAMS 0x0000000703000000, 0x0000000703000000| Untracked 
|  33|0x0000000703100000, 0x0000000703100000, 0x0000000703200000|  0%| F|  |TAMS 0x0000000703100000, 0x0000000703100000| Untracked 
|  34|0x0000000703200000, 0x0000000703200000, 0x0000000703300000|  0%| F|  |TAMS 0x0000000703200000, 0x0000000703200000| Untracked 
|  35|0x0000000703300000, 0x0000000703300000, 0x0000000703400000|  0%| F|  |TAMS 0x0000000703300000, 0x0000000703300000| Untracked 
|  36|0x0000000703400000, 0x0000000703400000, 0x0000000703500000|  0%| F|  |TAMS 0x0000000703400000, 0x0000000703400000| Untracked 
|  37|0x0000000703500000, 0x0000000703500000, 0x0000000703600000|  0%| F|  |TAMS 0x0000000703500000, 0x0000000703500000| Untracked 
|  38|0x0000000703600000, 0x0000000703600000, 0x0000000703700000|  0%| F|  |TAMS 0x0000000703600000, 0x0000000703600000| Untracked 
|  39|0x0000000703700000, 0x0000000703700000, 0x0000000703800000|  0%| F|  |TAMS 0x0000000703700000, 0x0000000703700000| Untracked 
|  40|0x0000000703800000, 0x0000000703800000, 0x0000000703900000|  0%| F|  |TAMS 0x0000000703800000, 0x0000000703800000| Untracked 
|  41|0x0000000703900000, 0x0000000703900000, 0x0000000703a00000|  0%| F|  |TAMS 0x0000000703900000, 0x0000000703900000| Untracked 
|  42|0x0000000703a00000, 0x0000000703a00000, 0x0000000703b00000|  0%| F|  |TAMS 0x0000000703a00000, 0x0000000703a00000| Untracked 
|  43|0x0000000703b00000, 0x0000000703b00000, 0x0000000703c00000|  0%| F|  |TAMS 0x0000000703b00000, 0x0000000703b00000| Untracked 
|  44|0x0000000703c00000, 0x0000000703c00000, 0x0000000703d00000|  0%| F|  |TAMS 0x0000000703c00000, 0x0000000703c00000| Untracked 
|  45|0x0000000703d00000, 0x0000000703d00000, 0x0000000703e00000|  0%| F|  |TAMS 0x0000000703d00000, 0x0000000703d00000| Untracked 
|  46|0x0000000703e00000, 0x0000000703e00000, 0x0000000703f00000|  0%| F|  |TAMS 0x0000000703e00000, 0x0000000703e00000| Untracked 
|  47|0x0000000703f00000, 0x0000000703f00000, 0x0000000704000000|  0%| F|  |TAMS 0x0000000703f00000, 0x0000000703f00000| Untracked 
|  48|0x0000000704000000, 0x0000000704000000, 0x0000000704100000|  0%| F|  |TAMS 0x0000000704000000, 0x0000000704000000| Untracked 
|  49|0x0000000704100000, 0x0000000704100000, 0x0000000704200000|  0%| F|  |TAMS 0x0000000704100000, 0x0000000704100000| Untracked 
|  50|0x0000000704200000, 0x0000000704200000, 0x0000000704300000|  0%| F|  |TAMS 0x0000000704200000, 0x0000000704200000| Untracked 
|  51|0x0000000704300000, 0x0000000704300000, 0x0000000704400000|  0%| F|  |TAMS 0x0000000704300000, 0x0000000704300000| Untracked 
|  52|0x0000000704400000, 0x0000000704400000, 0x0000000704500000|  0%| F|  |TAMS 0x0000000704400000, 0x0000000704400000| Untracked 
|  53|0x0000000704500000, 0x0000000704500000, 0x0000000704600000|  0%| F|  |TAMS 0x0000000704500000, 0x0000000704500000| Untracked 
|  54|0x0000000704600000, 0x0000000704600000, 0x0000000704700000|  0%| F|  |TAMS 0x0000000704600000, 0x0000000704600000| Untracked 
|  55|0x0000000704700000, 0x0000000704700000, 0x0000000704800000|  0%| F|  |TAMS 0x0000000704700000, 0x0000000704700000| Untracked 
|  56|0x0000000704800000, 0x0000000704800000, 0x0000000704900000|  0%| F|  |TAMS 0x0000000704800000, 0x0000000704800000| Untracked 
|  57|0x0000000704900000, 0x0000000704900000, 0x0000000704a00000|  0%| F|  |TAMS 0x0000000704900000, 0x0000000704900000| Untracked 
|  58|0x0000000704a00000, 0x0000000704a00000, 0x0000000704b00000|  0%| F|  |TAMS 0x0000000704a00000, 0x0000000704a00000| Untracked 
|  59|0x0000000704b00000, 0x0000000704b00000, 0x0000000704c00000|  0%| F|  |TAMS 0x0000000704b00000, 0x0000000704b00000| Untracked 
|  60|0x0000000704c00000, 0x0000000704c00000, 0x0000000704d00000|  0%| F|  |TAMS 0x0000000704c00000, 0x0000000704c00000| Untracked 
|  61|0x0000000704d00000, 0x0000000704d00000, 0x0000000704e00000|  0%| F|  |TAMS 0x0000000704d00000, 0x0000000704d00000| Untracked 
|  62|0x0000000704e00000, 0x0000000704e00000, 0x0000000704f00000|  0%| F|  |TAMS 0x0000000704e00000, 0x0000000704e00000| Untracked 
|  63|0x0000000704f00000, 0x0000000704f00000, 0x0000000705000000|  0%| F|  |TAMS 0x0000000704f00000, 0x0000000704f00000| Untracked 
|  64|0x0000000705000000, 0x0000000705000000, 0x0000000705100000|  0%| F|  |TAMS 0x0000000705000000, 0x0000000705000000| Untracked 
|  65|0x0000000705100000, 0x0000000705100000, 0x0000000705200000|  0%| F|  |TAMS 0x0000000705100000, 0x0000000705100000| Untracked 
|  66|0x0000000705200000, 0x0000000705200000, 0x0000000705300000|  0%| F|  |TAMS 0x0000000705200000, 0x0000000705200000| Untracked 
|  67|0x0000000705300000, 0x0000000705300000, 0x0000000705400000|  0%| F|  |TAMS 0x0000000705300000, 0x0000000705300000| Untracked 
|  68|0x0000000705400000, 0x0000000705400000, 0x0000000705500000|  0%| F|  |TAMS 0x0000000705400000, 0x0000000705400000| Untracked 
|  69|0x0000000705500000, 0x0000000705500000, 0x0000000705600000|  0%| F|  |TAMS 0x0000000705500000, 0x0000000705500000| Untracked 
|  70|0x0000000705600000, 0x0000000705600000, 0x0000000705700000|  0%| F|  |TAMS 0x0000000705600000, 0x0000000705600000| Untracked 
|  71|0x0000000705700000, 0x0000000705700000, 0x0000000705800000|  0%| F|  |TAMS 0x0000000705700000, 0x0000000705700000| Untracked 
|  72|0x0000000705800000, 0x0000000705800000, 0x0000000705900000|  0%| F|  |TAMS 0x0000000705800000, 0x0000000705800000| Untracked 
|  73|0x0000000705900000, 0x0000000705900000, 0x0000000705a00000|  0%| F|  |TAMS 0x0000000705900000, 0x0000000705900000| Untracked 
|  74|0x0000000705a00000, 0x0000000705a00000, 0x0000000705b00000|  0%| F|  |TAMS 0x0000000705a00000, 0x0000000705a00000| Untracked 
|  75|0x0000000705b00000, 0x0000000705b00000, 0x0000000705c00000|  0%| F|  |TAMS 0x0000000705b00000, 0x0000000705b00000| Untracked 
|  76|0x0000000705c00000, 0x0000000705c00000, 0x0000000705d00000|  0%| F|  |TAMS 0x0000000705c00000, 0x0000000705c00000| Untracked 
|  77|0x0000000705d00000, 0x0000000705d00000, 0x0000000705e00000|  0%| F|  |TAMS 0x0000000705d00000, 0x0000000705d00000| Untracked 
|  78|0x0000000705e00000, 0x0000000705e00000, 0x0000000705f00000|  0%| F|  |TAMS 0x0000000705e00000, 0x0000000705e00000| Untracked 
|  79|0x0000000705f00000, 0x0000000705f00000, 0x0000000706000000|  0%| F|  |TAMS 0x0000000705f00000, 0x0000000705f00000| Untracked 
|  80|0x0000000706000000, 0x0000000706000000, 0x0000000706100000|  0%| F|  |TAMS 0x0000000706000000, 0x0000000706000000| Untracked 
|  81|0x0000000706100000, 0x0000000706100000, 0x0000000706200000|  0%| F|  |TAMS 0x0000000706100000, 0x0000000706100000| Untracked 
|  82|0x0000000706200000, 0x0000000706200000, 0x0000000706300000|  0%| F|  |TAMS 0x0000000706200000, 0x0000000706200000| Untracked 
|  83|0x0000000706300000, 0x0000000706300000, 0x0000000706400000|  0%| F|  |TAMS 0x0000000706300000, 0x0000000706300000| Untracked 
|  84|0x0000000706400000, 0x0000000706400000, 0x0000000706500000|  0%| F|  |TAMS 0x0000000706400000, 0x0000000706400000| Untracked 
|  85|0x0000000706500000, 0x0000000706500000, 0x0000000706600000|  0%| F|  |TAMS 0x0000000706500000, 0x0000000706500000| Untracked 
|  86|0x0000000706600000, 0x0000000706600000, 0x0000000706700000|  0%| F|  |TAMS 0x0000000706600000, 0x0000000706600000| Untracked 
|  87|0x0000000706700000, 0x0000000706700000, 0x0000000706800000|  0%| F|  |TAMS 0x0000000706700000, 0x0000000706700000| Untracked 
|  88|0x0000000706800000, 0x0000000706800000, 0x0000000706900000|  0%| F|  |TAMS 0x0000000706800000, 0x0000000706800000| Untracked 
|  89|0x0000000706900000, 0x0000000706900000, 0x0000000706a00000|  0%| F|  |TAMS 0x0000000706900000, 0x0000000706900000| Untracked 
|  90|0x0000000706a00000, 0x0000000706a00000, 0x0000000706b00000|  0%| F|  |TAMS 0x0000000706a00000, 0x0000000706a00000| Untracked 
|  91|0x0000000706b00000, 0x0000000706b00000, 0x0000000706c00000|  0%| F|  |TAMS 0x0000000706b00000, 0x0000000706b00000| Untracked 
|  92|0x0000000706c00000, 0x0000000706c00000, 0x0000000706d00000|  0%| F|  |TAMS 0x0000000706c00000, 0x0000000706c00000| Untracked 
|  93|0x0000000706d00000, 0x0000000706d00000, 0x0000000706e00000|  0%| F|  |TAMS 0x0000000706d00000, 0x0000000706d00000| Untracked 
|  94|0x0000000706e00000, 0x0000000706e00000, 0x0000000706f00000|  0%| F|  |TAMS 0x0000000706e00000, 0x0000000706e00000| Untracked 
|  95|0x0000000706f00000, 0x0000000706f00000, 0x0000000707000000|  0%| F|  |TAMS 0x0000000706f00000, 0x0000000706f00000| Untracked 
|  96|0x0000000707000000, 0x0000000707000000, 0x0000000707100000|  0%| F|  |TAMS 0x0000000707000000, 0x0000000707000000| Untracked 
|  97|0x0000000707100000, 0x0000000707100000, 0x0000000707200000|  0%| F|  |TAMS 0x0000000707100000, 0x0000000707100000| Untracked 
|  98|0x0000000707200000, 0x0000000707200000, 0x0000000707300000|  0%| F|  |TAMS 0x0000000707200000, 0x0000000707200000| Untracked 
|  99|0x0000000707300000, 0x0000000707300000, 0x0000000707400000|  0%| F|  |TAMS 0x0000000707300000, 0x0000000707300000| Untracked 
| 100|0x0000000707400000, 0x0000000707400000, 0x0000000707500000|  0%| F|  |TAMS 0x0000000707400000, 0x0000000707400000| Untracked 
| 101|0x0000000707500000, 0x0000000707500000, 0x0000000707600000|  0%| F|  |TAMS 0x0000000707500000, 0x0000000707500000| Untracked 
| 102|0x0000000707600000, 0x0000000707600000, 0x0000000707700000|  0%| F|  |TAMS 0x0000000707600000, 0x0000000707600000| Untracked 
| 103|0x0000000707700000, 0x0000000707700000, 0x0000000707800000|  0%| F|  |TAMS 0x0000000707700000, 0x0000000707700000| Untracked 
| 104|0x0000000707800000, 0x0000000707800000, 0x0000000707900000|  0%| F|  |TAMS 0x0000000707800000, 0x0000000707800000| Untracked 
| 105|0x0000000707900000, 0x0000000707900000, 0x0000000707a00000|  0%| F|  |TAMS 0x0000000707900000, 0x0000000707900000| Untracked 
| 106|0x0000000707a00000, 0x0000000707a00000, 0x0000000707b00000|  0%| F|  |TAMS 0x0000000707a00000, 0x0000000707a00000| Untracked 
| 107|0x0000000707b00000, 0x0000000707b00000, 0x0000000707c00000|  0%| F|  |TAMS 0x0000000707b00000, 0x0000000707b00000| Untracked 
| 108|0x0000000707c00000, 0x0000000707c00000, 0x0000000707d00000|  0%| F|  |TAMS 0x0000000707c00000, 0x0000000707c00000| Untracked 
| 109|0x0000000707d00000, 0x0000000707d00000, 0x0000000707e00000|  0%| F|  |TAMS 0x0000000707d00000, 0x0000000707d00000| Untracked 
| 110|0x0000000707e00000, 0x0000000707e00000, 0x0000000707f00000|  0%| F|  |TAMS 0x0000000707e00000, 0x0000000707e00000| Untracked 
| 111|0x0000000707f00000, 0x0000000707f00000, 0x0000000708000000|  0%| F|  |TAMS 0x0000000707f00000, 0x0000000707f00000| Untracked 
| 112|0x0000000708000000, 0x0000000708000000, 0x0000000708100000|  0%| F|  |TAMS 0x0000000708000000, 0x0000000708000000| Untracked 
| 113|0x0000000708100000, 0x0000000708100000, 0x0000000708200000|  0%| F|  |TAMS 0x0000000708100000, 0x0000000708100000| Untracked 
| 114|0x0000000708200000, 0x0000000708200000, 0x0000000708300000|  0%| F|  |TAMS 0x0000000708200000, 0x0000000708200000| Untracked 
| 115|0x0000000708300000, 0x0000000708300000, 0x0000000708400000|  0%| F|  |TAMS 0x0000000708300000, 0x0000000708300000| Untracked 
| 116|0x0000000708400000, 0x0000000708400000, 0x0000000708500000|  0%| F|  |TAMS 0x0000000708400000, 0x0000000708400000| Untracked 
| 117|0x0000000708500000, 0x0000000708500000, 0x0000000708600000|  0%| F|  |TAMS 0x0000000708500000, 0x0000000708500000| Untracked 
| 118|0x0000000708600000, 0x0000000708600000, 0x0000000708700000|  0%| F|  |TAMS 0x0000000708600000, 0x0000000708600000| Untracked 
| 119|0x0000000708700000, 0x0000000708700000, 0x0000000708800000|  0%| F|  |TAMS 0x0000000708700000, 0x0000000708700000| Untracked 
| 120|0x0000000708800000, 0x0000000708800000, 0x0000000708900000|  0%| F|  |TAMS 0x0000000708800000, 0x0000000708800000| Untracked 
| 121|0x0000000708900000, 0x0000000708900000, 0x0000000708a00000|  0%| F|  |TAMS 0x0000000708900000, 0x0000000708900000| Untracked 
| 122|0x0000000708a00000, 0x0000000708a00000, 0x0000000708b00000|  0%| F|  |TAMS 0x0000000708a00000, 0x0000000708a00000| Untracked 
| 123|0x0000000708b00000, 0x0000000708b00000, 0x0000000708c00000|  0%| F|  |TAMS 0x0000000708b00000, 0x0000000708b00000| Untracked 
| 124|0x0000000708c00000, 0x0000000708c00000, 0x0000000708d00000|  0%| F|  |TAMS 0x0000000708c00000, 0x0000000708c00000| Untracked 
| 125|0x0000000708d00000, 0x0000000708d00000, 0x0000000708e00000|  0%| F|  |TAMS 0x0000000708d00000, 0x0000000708d00000| Untracked 
| 126|0x0000000708e00000, 0x0000000708e00000, 0x0000000708f00000|  0%| F|  |TAMS 0x0000000708e00000, 0x0000000708e00000| Untracked 
| 127|0x0000000708f00000, 0x0000000708f00000, 0x0000000709000000|  0%| F|  |TAMS 0x0000000708f00000, 0x0000000708f00000| Untracked 
| 128|0x0000000709000000, 0x0000000709000000, 0x0000000709100000|  0%| F|  |TAMS 0x0000000709000000, 0x0000000709000000| Untracked 
| 129|0x0000000709100000, 0x0000000709100000, 0x0000000709200000|  0%| F|  |TAMS 0x0000000709100000, 0x0000000709100000| Untracked 
| 130|0x0000000709200000, 0x0000000709200000, 0x0000000709300000|  0%| F|  |TAMS 0x0000000709200000, 0x0000000709200000| Untracked 
| 131|0x0000000709300000, 0x0000000709300000, 0x0000000709400000|  0%| F|  |TAMS 0x0000000709300000, 0x0000000709300000| Untracked 
| 132|0x0000000709400000, 0x0000000709400000, 0x0000000709500000|  0%| F|  |TAMS 0x0000000709400000, 0x0000000709400000| Untracked 
| 133|0x0000000709500000, 0x0000000709500000, 0x0000000709600000|  0%| F|  |TAMS 0x0000000709500000, 0x0000000709500000| Untracked 
| 134|0x0000000709600000, 0x0000000709600000, 0x0000000709700000|  0%| F|  |TAMS 0x0000000709600000, 0x0000000709600000| Untracked 
| 135|0x0000000709700000, 0x0000000709700000, 0x0000000709800000|  0%| F|  |TAMS 0x0000000709700000, 0x0000000709700000| Untracked 
| 136|0x0000000709800000, 0x0000000709800000, 0x0000000709900000|  0%| F|  |TAMS 0x0000000709800000, 0x0000000709800000| Untracked 
| 137|0x0000000709900000, 0x0000000709900000, 0x0000000709a00000|  0%| F|  |TAMS 0x0000000709900000, 0x0000000709900000| Untracked 
| 138|0x0000000709a00000, 0x0000000709a00000, 0x0000000709b00000|  0%| F|  |TAMS 0x0000000709a00000, 0x0000000709a00000| Untracked 
| 139|0x0000000709b00000, 0x0000000709b00000, 0x0000000709c00000|  0%| F|  |TAMS 0x0000000709b00000, 0x0000000709b00000| Untracked 
| 140|0x0000000709c00000, 0x0000000709c00000, 0x0000000709d00000|  0%| F|  |TAMS 0x0000000709c00000, 0x0000000709c00000| Untracked 
| 141|0x0000000709d00000, 0x0000000709d00000, 0x0000000709e00000|  0%| F|  |TAMS 0x0000000709d00000, 0x0000000709d00000| Untracked 
| 142|0x0000000709e00000, 0x0000000709e00000, 0x0000000709f00000|  0%| F|  |TAMS 0x0000000709e00000, 0x0000000709e00000| Untracked 
| 143|0x0000000709f00000, 0x0000000709f00000, 0x000000070a000000|  0%| F|  |TAMS 0x0000000709f00000, 0x0000000709f00000| Untracked 
| 144|0x000000070a000000, 0x000000070a000000, 0x000000070a100000|  0%| F|  |TAMS 0x000000070a000000, 0x000000070a000000| Untracked 
| 145|0x000000070a100000, 0x000000070a100000, 0x000000070a200000|  0%| F|  |TAMS 0x000000070a100000, 0x000000070a100000| Untracked 
| 146|0x000000070a200000, 0x000000070a200000, 0x000000070a300000|  0%| F|  |TAMS 0x000000070a200000, 0x000000070a200000| Untracked 
| 147|0x000000070a300000, 0x000000070a300000, 0x000000070a400000|  0%| F|  |TAMS 0x000000070a300000, 0x000000070a300000| Untracked 
| 148|0x000000070a400000, 0x000000070a400000, 0x000000070a500000|  0%| F|  |TAMS 0x000000070a400000, 0x000000070a400000| Untracked 
| 149|0x000000070a500000, 0x000000070a500000, 0x000000070a600000|  0%| F|  |TAMS 0x000000070a500000, 0x000000070a500000| Untracked 
| 150|0x000000070a600000, 0x000000070a600000, 0x000000070a700000|  0%| F|  |TAMS 0x000000070a600000, 0x000000070a600000| Untracked 
| 151|0x000000070a700000, 0x000000070a700000, 0x000000070a800000|  0%| F|  |TAMS 0x000000070a700000, 0x000000070a700000| Untracked 
| 152|0x000000070a800000, 0x000000070a800000, 0x000000070a900000|  0%| F|  |TAMS 0x000000070a800000, 0x000000070a800000| Untracked 
| 153|0x000000070a900000, 0x000000070a900000, 0x000000070aa00000|  0%| F|  |TAMS 0x000000070a900000, 0x000000070a900000| Untracked 
| 154|0x000000070aa00000, 0x000000070aa00000, 0x000000070ab00000|  0%| F|  |TAMS 0x000000070aa00000, 0x000000070aa00000| Untracked 
| 155|0x000000070ab00000, 0x000000070ab00000, 0x000000070ac00000|  0%| F|  |TAMS 0x000000070ab00000, 0x000000070ab00000| Untracked 
| 156|0x000000070ac00000, 0x000000070ac00000, 0x000000070ad00000|  0%| F|  |TAMS 0x000000070ac00000, 0x000000070ac00000| Untracked 
| 157|0x000000070ad00000, 0x000000070ad00000, 0x000000070ae00000|  0%| F|  |TAMS 0x000000070ad00000, 0x000000070ad00000| Untracked 
| 158|0x000000070ae00000, 0x000000070ae00000, 0x000000070af00000|  0%| F|  |TAMS 0x000000070ae00000, 0x000000070ae00000| Untracked 
| 159|0x000000070af00000, 0x000000070af00000, 0x000000070b000000|  0%| F|  |TAMS 0x000000070af00000, 0x000000070af00000| Untracked 
| 160|0x000000070b000000, 0x000000070b000000, 0x000000070b100000|  0%| F|  |TAMS 0x000000070b000000, 0x000000070b000000| Untracked 
| 161|0x000000070b100000, 0x000000070b100000, 0x000000070b200000|  0%| F|  |TAMS 0x000000070b100000, 0x000000070b100000| Untracked 
| 162|0x000000070b200000, 0x000000070b200000, 0x000000070b300000|  0%| F|  |TAMS 0x000000070b200000, 0x000000070b200000| Untracked 
| 163|0x000000070b300000, 0x000000070b300000, 0x000000070b400000|  0%| F|  |TAMS 0x000000070b300000, 0x000000070b300000| Untracked 
| 164|0x000000070b400000, 0x000000070b400000, 0x000000070b500000|  0%| F|  |TAMS 0x000000070b400000, 0x000000070b400000| Untracked 
| 165|0x000000070b500000, 0x000000070b500000, 0x000000070b600000|  0%| F|  |TAMS 0x000000070b500000, 0x000000070b500000| Untracked 
| 166|0x000000070b600000, 0x000000070b600000, 0x000000070b700000|  0%| F|  |TAMS 0x000000070b600000, 0x000000070b600000| Untracked 
| 167|0x000000070b700000, 0x000000070b700000, 0x000000070b800000|  0%| F|  |TAMS 0x000000070b700000, 0x000000070b700000| Untracked 
| 168|0x000000070b800000, 0x000000070b800000, 0x000000070b900000|  0%| F|  |TAMS 0x000000070b800000, 0x000000070b800000| Untracked 
| 169|0x000000070b900000, 0x000000070b900000, 0x000000070ba00000|  0%| F|  |TAMS 0x000000070b900000, 0x000000070b900000| Untracked 
| 170|0x000000070ba00000, 0x000000070ba00000, 0x000000070bb00000|  0%| F|  |TAMS 0x000000070ba00000, 0x000000070ba00000| Untracked 
| 171|0x000000070bb00000, 0x000000070bb00000, 0x000000070bc00000|  0%| F|  |TAMS 0x000000070bb00000, 0x000000070bb00000| Untracked 
| 172|0x000000070bc00000, 0x000000070bc00000, 0x000000070bd00000|  0%| F|  |TAMS 0x000000070bc00000, 0x000000070bc00000| Untracked 
| 173|0x000000070bd00000, 0x000000070bd00000, 0x000000070be00000|  0%| F|  |TAMS 0x000000070bd00000, 0x000000070bd00000| Untracked 
| 174|0x000000070be00000, 0x000000070be00000, 0x000000070bf00000|  0%| F|  |TAMS 0x000000070be00000, 0x000000070be00000| Untracked 
| 175|0x000000070bf00000, 0x000000070bf00000, 0x000000070c000000|  0%| F|  |TAMS 0x000000070bf00000, 0x000000070bf00000| Untracked 
| 176|0x000000070c000000, 0x000000070c000000, 0x000000070c100000|  0%| F|  |TAMS 0x000000070c000000, 0x000000070c000000| Untracked 
| 177|0x000000070c100000, 0x000000070c100000, 0x000000070c200000|  0%| F|  |TAMS 0x000000070c100000, 0x000000070c100000| Untracked 
| 178|0x000000070c200000, 0x000000070c200000, 0x000000070c300000|  0%| F|  |TAMS 0x000000070c200000, 0x000000070c200000| Untracked 
| 179|0x000000070c300000, 0x000000070c300000, 0x000000070c400000|  0%| F|  |TAMS 0x000000070c300000, 0x000000070c300000| Untracked 
| 180|0x000000070c400000, 0x000000070c400000, 0x000000070c500000|  0%| F|  |TAMS 0x000000070c400000, 0x000000070c400000| Untracked 
| 181|0x000000070c500000, 0x000000070c500000, 0x000000070c600000|  0%| F|  |TAMS 0x000000070c500000, 0x000000070c500000| Untracked 
| 182|0x000000070c600000, 0x000000070c600000, 0x000000070c700000|  0%| F|  |TAMS 0x000000070c600000, 0x000000070c600000| Untracked 
| 183|0x000000070c700000, 0x000000070c700000, 0x000000070c800000|  0%| F|  |TAMS 0x000000070c700000, 0x000000070c700000| Untracked 
| 184|0x000000070c800000, 0x000000070c800000, 0x000000070c900000|  0%| F|  |TAMS 0x000000070c800000, 0x000000070c800000| Untracked 
| 185|0x000000070c900000, 0x000000070c900000, 0x000000070ca00000|  0%| F|  |TAMS 0x000000070c900000, 0x000000070c900000| Untracked 
| 186|0x000000070ca00000, 0x000000070ca00000, 0x000000070cb00000|  0%| F|  |TAMS 0x000000070ca00000, 0x000000070ca00000| Untracked 
| 187|0x000000070cb00000, 0x000000070cb00000, 0x000000070cc00000|  0%| F|  |TAMS 0x000000070cb00000, 0x000000070cb00000| Untracked 
| 188|0x000000070cc00000, 0x000000070cc00000, 0x000000070cd00000|  0%| F|  |TAMS 0x000000070cc00000, 0x000000070cc00000| Untracked 
| 189|0x000000070cd00000, 0x000000070cd00000, 0x000000070ce00000|  0%| F|  |TAMS 0x000000070cd00000, 0x000000070cd00000| Untracked 
| 190|0x000000070ce00000, 0x000000070ce00000, 0x000000070cf00000|  0%| F|  |TAMS 0x000000070ce00000, 0x000000070ce00000| Untracked 
| 191|0x000000070cf00000, 0x000000070cf00000, 0x000000070d000000|  0%| F|  |TAMS 0x000000070cf00000, 0x000000070cf00000| Untracked 
| 192|0x000000070d000000, 0x000000070d000000, 0x000000070d100000|  0%| F|  |TAMS 0x000000070d000000, 0x000000070d000000| Untracked 
| 193|0x000000070d100000, 0x000000070d100000, 0x000000070d200000|  0%| F|  |TAMS 0x000000070d100000, 0x000000070d100000| Untracked 
| 194|0x000000070d200000, 0x000000070d200000, 0x000000070d300000|  0%| F|  |TAMS 0x000000070d200000, 0x000000070d200000| Untracked 
| 195|0x000000070d300000, 0x000000070d300000, 0x000000070d400000|  0%| F|  |TAMS 0x000000070d300000, 0x000000070d300000| Untracked 
| 196|0x000000070d400000, 0x000000070d400000, 0x000000070d500000|  0%| F|  |TAMS 0x000000070d400000, 0x000000070d400000| Untracked 
| 197|0x000000070d500000, 0x000000070d500000, 0x000000070d600000|  0%| F|  |TAMS 0x000000070d500000, 0x000000070d500000| Untracked 
| 198|0x000000070d600000, 0x000000070d600000, 0x000000070d700000|  0%| F|  |TAMS 0x000000070d600000, 0x000000070d600000| Untracked 
| 199|0x000000070d700000, 0x000000070d700000, 0x000000070d800000|  0%| F|  |TAMS 0x000000070d700000, 0x000000070d700000| Untracked 
| 200|0x000000070d800000, 0x000000070d800000, 0x000000070d900000|  0%| F|  |TAMS 0x000000070d800000, 0x000000070d800000| Untracked 
| 201|0x000000070d900000, 0x000000070d900000, 0x000000070da00000|  0%| F|  |TAMS 0x000000070d900000, 0x000000070d900000| Untracked 
| 202|0x000000070da00000, 0x000000070da00000, 0x000000070db00000|  0%| F|  |TAMS 0x000000070da00000, 0x000000070da00000| Untracked 
| 203|0x000000070db00000, 0x000000070db00000, 0x000000070dc00000|  0%| F|  |TAMS 0x000000070db00000, 0x000000070db00000| Untracked 
| 204|0x000000070dc00000, 0x000000070dc00000, 0x000000070dd00000|  0%| F|  |TAMS 0x000000070dc00000, 0x000000070dc00000| Untracked 
| 205|0x000000070dd00000, 0x000000070dd00000, 0x000000070de00000|  0%| F|  |TAMS 0x000000070dd00000, 0x000000070dd00000| Untracked 
| 206|0x000000070de00000, 0x000000070de00000, 0x000000070df00000|  0%| F|  |TAMS 0x000000070de00000, 0x000000070de00000| Untracked 
| 207|0x000000070df00000, 0x000000070df00000, 0x000000070e000000|  0%| F|  |TAMS 0x000000070df00000, 0x000000070df00000| Untracked 
| 208|0x000000070e000000, 0x000000070e000000, 0x000000070e100000|  0%| F|  |TAMS 0x000000070e000000, 0x000000070e000000| Untracked 
| 209|0x000000070e100000, 0x000000070e100000, 0x000000070e200000|  0%| F|  |TAMS 0x000000070e100000, 0x000000070e100000| Untracked 
| 210|0x000000070e200000, 0x000000070e200000, 0x000000070e300000|  0%| F|  |TAMS 0x000000070e200000, 0x000000070e200000| Untracked 
| 211|0x000000070e300000, 0x000000070e400000, 0x000000070e400000|100%| E|  |TAMS 0x000000070e300000, 0x000000070e300000| Complete 
| 212|0x000000070e400000, 0x000000070e500000, 0x000000070e500000|100%| E|CS|TAMS 0x000000070e400000, 0x000000070e400000| Complete 
| 213|0x000000070e500000, 0x000000070e600000, 0x000000070e600000|100%| E|CS|TAMS 0x000000070e500000, 0x000000070e500000| Complete 
| 214|0x000000070e600000, 0x000000070e700000, 0x000000070e700000|100%| E|CS|TAMS 0x000000070e600000, 0x000000070e600000| Complete 
| 215|0x000000070e700000, 0x000000070e800000, 0x000000070e800000|100%| E|CS|TAMS 0x000000070e700000, 0x000000070e700000| Complete 
| 216|0x000000070e800000, 0x000000070e900000, 0x000000070e900000|100%| E|CS|TAMS 0x000000070e800000, 0x000000070e800000| Complete 
| 217|0x000000070e900000, 0x000000070ea00000, 0x000000070ea00000|100%| E|CS|TAMS 0x000000070e900000, 0x000000070e900000| Complete 
| 218|0x000000070ea00000, 0x000000070eb00000, 0x000000070eb00000|100%| E|CS|TAMS 0x000000070ea00000, 0x000000070ea00000| Complete 
| 219|0x000000070eb00000, 0x000000070ec00000, 0x000000070ec00000|100%| E|CS|TAMS 0x000000070eb00000, 0x000000070eb00000| Complete 
| 220|0x000000070ec00000, 0x000000070ed00000, 0x000000070ed00000|100%| E|CS|TAMS 0x000000070ec00000, 0x000000070ec00000| Complete 
| 221|0x000000070ed00000, 0x000000070ee00000, 0x000000070ee00000|100%| E|CS|TAMS 0x000000070ed00000, 0x000000070ed00000| Complete 
| 222|0x000000070ee00000, 0x000000070ef00000, 0x000000070ef00000|100%| E|CS|TAMS 0x000000070ee00000, 0x000000070ee00000| Complete 
| 223|0x000000070ef00000, 0x000000070f000000, 0x000000070f000000|100%| E|CS|TAMS 0x000000070ef00000, 0x000000070ef00000| Complete 
| 224|0x000000070f000000, 0x000000070f100000, 0x000000070f100000|100%| E|CS|TAMS 0x000000070f000000, 0x000000070f000000| Complete 
| 225|0x000000070f100000, 0x000000070f200000, 0x000000070f200000|100%| E|CS|TAMS 0x000000070f100000, 0x000000070f100000| Complete 
| 226|0x000000070f200000, 0x000000070f300000, 0x000000070f300000|100%| E|CS|TAMS 0x000000070f200000, 0x000000070f200000| Complete 
| 227|0x000000070f300000, 0x000000070f400000, 0x000000070f400000|100%| E|CS|TAMS 0x000000070f300000, 0x000000070f300000| Complete 
| 228|0x000000070f400000, 0x000000070f500000, 0x000000070f500000|100%| E|CS|TAMS 0x000000070f400000, 0x000000070f400000| Complete 
| 229|0x000000070f500000, 0x000000070f600000, 0x000000070f600000|100%| E|CS|TAMS 0x000000070f500000, 0x000000070f500000| Complete 
| 230|0x000000070f600000, 0x000000070f700000, 0x000000070f700000|100%| E|CS|TAMS 0x000000070f600000, 0x000000070f600000| Complete 
| 231|0x000000070f700000, 0x000000070f800000, 0x000000070f800000|100%| E|CS|TAMS 0x000000070f700000, 0x000000070f700000| Complete 
| 232|0x000000070f800000, 0x000000070f900000, 0x000000070f900000|100%| E|CS|TAMS 0x000000070f800000, 0x000000070f800000| Complete 
| 233|0x000000070f900000, 0x000000070fa00000, 0x000000070fa00000|100%| E|CS|TAMS 0x000000070f900000, 0x000000070f900000| Complete 
| 234|0x000000070fa00000, 0x000000070fb00000, 0x000000070fb00000|100%| E|CS|TAMS 0x000000070fa00000, 0x000000070fa00000| Complete 
| 235|0x000000070fb00000, 0x000000070fc00000, 0x000000070fc00000|100%| E|CS|TAMS 0x000000070fb00000, 0x000000070fb00000| Complete 
| 236|0x000000070fc00000, 0x000000070fd00000, 0x000000070fd00000|100%| E|CS|TAMS 0x000000070fc00000, 0x000000070fc00000| Complete 
| 237|0x000000070fd00000, 0x000000070fe00000, 0x000000070fe00000|100%| E|CS|TAMS 0x000000070fd00000, 0x000000070fd00000| Complete 
| 238|0x000000070fe00000, 0x000000070ff00000, 0x000000070ff00000|100%| E|CS|TAMS 0x000000070fe00000, 0x000000070fe00000| Complete 
| 239|0x000000070ff00000, 0x0000000710000000, 0x0000000710000000|100%| E|CS|TAMS 0x000000070ff00000, 0x000000070ff00000| Complete 
| 240|0x0000000710000000, 0x0000000710100000, 0x0000000710100000|100%| E|CS|TAMS 0x0000000710000000, 0x0000000710000000| Complete 
| 241|0x0000000710100000, 0x0000000710200000, 0x0000000710200000|100%| E|CS|TAMS 0x0000000710100000, 0x0000000710100000| Complete 
| 242|0x0000000710200000, 0x0000000710300000, 0x0000000710300000|100%| E|CS|TAMS 0x0000000710200000, 0x0000000710200000| Complete 
| 243|0x0000000710300000, 0x0000000710400000, 0x0000000710400000|100%| E|CS|TAMS 0x0000000710300000, 0x0000000710300000| Complete 
| 244|0x0000000710400000, 0x0000000710500000, 0x0000000710500000|100%| E|CS|TAMS 0x0000000710400000, 0x0000000710400000| Complete 
| 245|0x0000000710500000, 0x0000000710600000, 0x0000000710600000|100%| S|CS|TAMS 0x0000000710500000, 0x0000000710500000| Complete 
| 246|0x0000000710600000, 0x0000000710700000, 0x0000000710700000|100%| S|CS|TAMS 0x0000000710600000, 0x0000000710600000| Complete 
| 247|0x0000000710700000, 0x0000000710800000, 0x0000000710800000|100%| E|CS|TAMS 0x0000000710700000, 0x0000000710700000| Complete 
| 248|0x0000000710800000, 0x0000000710900000, 0x0000000710900000|100%| E|CS|TAMS 0x0000000710800000, 0x0000000710800000| Complete 
| 249|0x0000000710900000, 0x0000000710a00000, 0x0000000710a00000|100%| E|CS|TAMS 0x0000000710900000, 0x0000000710900000| Complete 
| 250|0x0000000710a00000, 0x0000000710b00000, 0x0000000710b00000|100%| E|CS|TAMS 0x0000000710a00000, 0x0000000710a00000| Complete 
| 251|0x0000000710b00000, 0x0000000710c00000, 0x0000000710c00000|100%| E|CS|TAMS 0x0000000710b00000, 0x0000000710b00000| Complete 
| 252|0x0000000710c00000, 0x0000000710d00000, 0x0000000710d00000|100%| E|CS|TAMS 0x0000000710c00000, 0x0000000710c00000| Complete 
| 253|0x0000000710d00000, 0x0000000710e00000, 0x0000000710e00000|100%| E|CS|TAMS 0x0000000710d00000, 0x0000000710d00000| Complete 
| 254|0x0000000710e00000, 0x0000000710f00000, 0x0000000710f00000|100%| E|CS|TAMS 0x0000000710e00000, 0x0000000710e00000| Complete 
| 255|0x0000000710f00000, 0x0000000711000000, 0x0000000711000000|100%| E|CS|TAMS 0x0000000710f00000, 0x0000000710f00000| Complete 

Card table byte_map: [0x000001d5dd750000,0x000001d5ddf50000] _byte_map_base: 0x000001d5d9f48000

Marking Bits (Prev, Next): (CMBitMap*) 0x000001d5c638cb30, (CMBitMap*) 0x000001d5c638caf8
 Prev Bits: [0x000001d5e2710000, 0x000001d5e66d0000)
 Next Bits: [0x000001d5de750000, 0x000001d5e2710000)

Polling page: 0x000001d5c5af0000

Metaspace:

Usage:
  Non-class:     21.65 MB capacity,    21.16 MB ( 98%) used,   424.95 KB (  2%) free+waste,    83.06 KB ( <1%) overhead. 
      Class:      2.68 MB capacity,     2.39 MB ( 89%) used,   255.09 KB (  9%) free+waste,    40.19 KB (  1%) overhead. 
       Both:     24.33 MB capacity,    23.55 MB ( 97%) used,   680.03 KB (  3%) free+waste,   123.25 KB ( <1%) overhead. 

Virtual space:
  Non-class space:       22.00 MB reserved,      21.75 MB ( 99%) committed 
      Class space:        1.00 GB reserved,       2.75 MB ( <1%) committed 
             Both:        1.02 GB reserved,      24.50 MB (  2%) committed 

Chunk freelists:
   Non-Class:  4.38 KB
       Class:  0 bytes
        Both:  4.38 KB

CodeHeap 'non-profiled nmethods': size=120000Kb used=2001Kb max_used=2001Kb free=117998Kb
 bounds [0x000001d5d54d0000, 0x000001d5d5740000, 0x000001d5dca00000]
CodeHeap 'profiled nmethods': size=120000Kb used=7299Kb max_used=7299Kb free=112700Kb
 bounds [0x000001d5cdfa0000, 0x000001d5ce6d0000, 0x000001d5d54d0000]
CodeHeap 'non-nmethods': size=5760Kb used=1202Kb max_used=1269Kb free=4557Kb
 bounds [0x000001d5cda00000, 0x000001d5cdc70000, 0x000001d5cdfa0000]
 total_blobs=3143 nmethods=2717 adapters=345
 compilation: enabled
              stopped_count=0, restarted_count=0
 full_count=0

Compilation events (10 events):
Event: 1.838 Thread 0x000001d5eb5e5800 2643       4       java.lang.String::indexOf (113 bytes)
Event: 1.840 Thread 0x000001d5eb5e5800 nmethod 2643 0x000001d5d569b290 code [0x000001d5d569b420, 0x000001d5d569b7f8]
Event: 1.840 Thread 0x000001d5eb5e5800 2618       4       java.util.ArrayList::addAll (76 bytes)
Event: 1.845 Thread 0x000001d5eb5e5800 nmethod 2618 0x000001d5d569ba90 code [0x000001d5d569bc20, 0x000001d5d569c598]
Event: 2.091 Thread 0x000001d5e9d94000 nmethod 2620 0x000001d5d569c990 code [0x000001d5d569d1e0, 0x000001d5d56a97c0]
Event: 2.185 Thread 0x000001d5e9f2d800 nmethod 2623 0x000001d5d56afb10 code [0x000001d5d56b03e0, 0x000001d5d56bdd78]
Event: 1511.259 Thread 0x000001d5e9d9c800 2731       3       java.lang.String::<init> (74 bytes)
Event: 1511.260 Thread 0x000001d5e9d9c800 nmethod 2731 0x000001d5ce6bfd10 code [0x000001d5ce6bff00, 0x000001d5ce6c0598]
Event: 1699.685 Thread 0x000001d5e9d9c800 2732       3       java.lang.ThreadLocal::get (38 bytes)
Event: 1699.685 Thread 0x000001d5e9d9c800 nmethod 2732 0x000001d5ce6c0890 code [0x000001d5ce6c0a60, 0x000001d5ce6c0d68]

GC Heap History (6 events):
Event: 0.398 GC heap before
{Heap before GC invocations=0 (full 0):
 garbage-first heap   total 262144K, used 23552K [0x0000000701000000, 0x0000000800000000)
  region size 1024K, 24 young (24576K), 0 survivors (0K)
 Metaspace       used 10514K, capacity 10684K, committed 10880K, reserved 1058816K
  class space    used 974K, capacity 1030K, committed 1152K, reserved 1048576K
}
Event: 0.401 GC heap after
{Heap after GC invocations=1 (full 0):
 garbage-first heap   total 262144K, used 5676K [0x0000000701000000, 0x0000000800000000)
  region size 1024K, 3 young (3072K), 3 survivors (3072K)
 Metaspace       used 10514K, capacity 10684K, committed 10880K, reserved 1058816K
  class space    used 974K, capacity 1030K, committed 1152K, reserved 1048576K
}
Event: 1.286 GC heap before
{Heap before GC invocations=1 (full 0):
 garbage-first heap   total 262144K, used 159276K [0x0000000701000000, 0x0000000800000000)
  region size 1024K, 153 young (156672K), 3 survivors (3072K)
 Metaspace       used 20519K, capacity 20849K, committed 20992K, reserved 1069056K
  class space    used 1890K, capacity 2011K, committed 2048K, reserved 1048576K
}
Event: 1.295 GC heap after
{Heap after GC invocations=2 (full 0):
 garbage-first heap   total 262144K, used 21076K [0x0000000701000000, 0x0000000800000000)
  region size 1024K, 19 young (19456K), 19 survivors (19456K)
 Metaspace       used 20519K, capacity 20849K, committed 20992K, reserved 1069056K
  class space    used 1890K, capacity 2011K, committed 2048K, reserved 1048576K
}
Event: 1.330 GC heap before
{Heap before GC invocations=2 (full 0):
 garbage-first heap   total 262144K, used 29268K [0x0000000701000000, 0x0000000800000000)
  region size 1024K, 28 young (28672K), 19 survivors (19456K)
 Metaspace       used 20773K, capacity 21108K, committed 21248K, reserved 1069056K
  class space    used 1928K, capacity 2036K, committed 2048K, reserved 1048576K
}
Event: 1.338 GC heap after
{Heap after GC invocations=3 (full 0):
 garbage-first heap   total 262144K, used 23033K [0x0000000701000000, 0x0000000800000000)
  region size 1024K, 2 young (2048K), 2 survivors (2048K)
 Metaspace       used 20773K, capacity 21108K, committed 21248K, reserved 1069056K
  class space    used 1928K, capacity 2036K, committed 2048K, reserved 1048576K
}

Deoptimization events (10 events):
Event: 1.353 Thread 0x000001d5c6327800 Uncommon trap: reason=bimorphic_or_optimized_type_check action=maybe_recompile pc=0x000001d5d560d244 method=java.util.HashMap.putVal(ILjava/lang/Object;Ljava/lang/Object;ZZ)Ljava/lang/Object; @ 91 c2
Event: 1.529 Thread 0x000001d5c6327800 Uncommon trap: reason=unstable_if action=reinterpret pc=0x000001d5d54f948c method=java.lang.StringCoding.encodeUTF8(B[BZ)[B @ 2 c2
Event: 1.712 Thread 0x000001d5c6327800 Uncommon trap: reason=unstable_if action=reinterpret pc=0x000001d5d55228d4 method=java.io.WinNTFileSystem.normalize(Ljava/lang/String;)Ljava/lang/String; @ 128 c2
Event: 1.792 Thread 0x000001d5c6327800 Uncommon trap: reason=unstable_if action=reinterpret pc=0x000001d5d557cd94 method=java.io.DataInputStream.readUTF(Ljava/io/DataInput;)Ljava/lang/String; @ 112 c2
Event: 1.792 Thread 0x000001d5c6327800 Uncommon trap: reason=unstable_if action=reinterpret pc=0x000001d5d553e65c method=java.lang.StringUTF16.compress([CII)[B @ 13 c2
Event: 1.792 Thread 0x000001d5c6327800 Uncommon trap: reason=unstable_if action=reinterpret pc=0x000001d5d551d65c method=java.lang.StringUTF16.compress([CI[BII)I @ 20 c2
Event: 1.793 Thread 0x000001d5c6327800 Uncommon trap: reason=unstable_if action=reinterpret pc=0x000001d5d54e20c4 method=java.lang.CharacterData.of(I)Ljava/lang/CharacterData; @ 4 c2
Event: 1.794 Thread 0x000001d5c6327800 Uncommon trap: reason=unstable_if action=reinterpret pc=0x000001d5d54d165c method=java.lang.String.isLatin1()Z @ 10 c2
Event: 1.795 Thread 0x000001d5c6327800 Uncommon trap: reason=unstable_if action=reinterpret pc=0x000001d5d54d8f20 method=java.lang.String.isLatin1()Z @ 10 c2
Event: 1511.259 Thread 0x000001d5ea075000 Uncommon trap: reason=unstable_if action=reinterpret pc=0x000001d5d562e1a0 method=java.lang.ThreadLocal.get()Ljava/lang/Object; @ 11 c2

Classes redefined (2 events):
Event: 1511.286 Thread 0x000001d5e948a000 redefined class name=test.ApiLoginOld, count=1
Event: 1699.714 Thread 0x000001d5e948a000 redefined class name=test.ApiLoginOld, count=2

Internal exceptions (10 events):
Event: 1.726 Thread 0x000001d5c6327800 Exception <a 'java/lang/NoSuchMethodError'{0x000000070eccf790}: java.lang.invoke.DirectMethodHandle$Holder.invokeInterface(Ljava/lang/Object;Ljava/lang/Object;Ljava/lang/Object;Ljava/lang/Object;Ljava/lang/Object;)Ljava/lang/Object;> (0x000000070eccf790) 
Event: 1.726 Thread 0x000001d5c6327800 Exception <a 'java/lang/IncompatibleClassChangeError'{0x000000070ecd2ee8}: Found class java.lang.Object, but interface was expected> (0x000000070ecd2ee8) thrown at [./open/src/hotspot/share/interpreter/linkResolver.cpp, line 838]
Event: 1.739 Thread 0x000001d5c6327800 Exception <a 'java/lang/NoSuchMethodError'{0x000000070e949fd8}: java.lang.invoke.DirectMethodHandle$Holder.invokeInterface(Ljava/lang/Object;Ljava/lang/Object;Ljava/lang/Object;)Ljava/lang/Object;> (0x000000070e949fd8) thrown at [./open/src/hotspot/share/
Event: 1.741 Thread 0x000001d5c6327800 Exception <a 'java/lang/NoSuchMethodError'{0x000000070e9b20b8}: java.lang.invoke.DirectMethodHandle$Holder.invokeStatic(Ljava/lang/Object;Ljava/lang/Object;Ljava/lang/Object;Ljava/lang/Object;Ljava/lang/Object;)V> (0x000000070e9b20b8) thrown at [./open/sr
Event: 1.773 Thread 0x000001d5c6327800 Exception <a 'java/lang/NoSuchMethodError'{0x000000070e5094b0}: java.lang.invoke.DirectMethodHandle$Holder.invokeStatic(Ljava/lang/Object;Ljava/lang/Object;Ljava/lang/Object;Ljava/lang/Object;Ljava/lang/Object;Ljava/lang/Object;)V> (0x000000070e5094b0) th
Event: 1.784 Thread 0x000001d5c6327800 Exception <a 'java/lang/IncompatibleClassChangeError'{0x000000070e5e33d0}: Found class java.lang.Object, but interface was expected> (0x000000070e5e33d0) thrown at [./open/src/hotspot/share/interpreter/linkResolver.cpp, line 838]
Event: 1.785 Thread 0x000001d5c6327800 Exception <a 'java/lang/IncompatibleClassChangeError'{0x000000070e5e6648}: Found class java.lang.Object, but interface was expected> (0x000000070e5e6648) thrown at [./open/src/hotspot/share/interpreter/linkResolver.cpp, line 838]
Event: 1.785 Thread 0x000001d5c6327800 Exception <a 'java/lang/IncompatibleClassChangeError'{0x000000070e5edae0}: Found class java.lang.Object, but interface was expected> (0x000000070e5edae0) thrown at [./open/src/hotspot/share/interpreter/linkResolver.cpp, line 838]
Event: 1.785 Thread 0x000001d5c6327800 Exception <a 'java/lang/IncompatibleClassChangeError'{0x000000070e5f0d78}: Found class java.lang.Object, but interface was expected> (0x000000070e5f0d78) thrown at [./open/src/hotspot/share/interpreter/linkResolver.cpp, line 838]
Event: 1511.259 Thread 0x000001d5ea075000 Implicit null exception at 0x000001d5d562d51c to 0x000001d5d562e180

Events (10 events):
Event: 1699.723 Executing VM operation: GetFrameCount done
Event: 1699.723 Executing VM operation: GetStackTrace
Event: 1699.723 Executing VM operation: GetStackTrace done
Event: 1699.733 Executing VM operation: GetFrameCount
Event: 1699.734 Executing VM operation: GetFrameCount done
Event: 1699.734 Executing VM operation: GetStackTrace
Event: 1699.734 Executing VM operation: GetStackTrace done
Event: 1699.783 Executing VM operation: GetFrameLocation
Event: 1699.783 Executing VM operation: GetFrameLocation done
Event: 1699.783 Executing VM operation: GetOrSetLocal


Dynamic libraries:
0x00007ff6fc7d0000 - 0x00007ff6fc7e0000 	C:\Program Files\Java\jdk-11\bin\java.exe
0x00007ffe0be70000 - 0x00007ffe0c068000 	C:\Windows\SYSTEM32\ntdll.dll
0x00007ffe0bb30000 - 0x00007ffe0bbf1000 	C:\Windows\System32\KERNEL32.DLL
0x00007ffe098e0000 - 0x00007ffe09bdd000 	C:\Windows\System32\KERNELBASE.dll
0x00007ffe097e0000 - 0x00007ffe098e0000 	C:\Windows\System32\ucrtbase.dll
0x00007ffdfcba0000 - 0x00007ffdfcbbb000 	C:\Program Files\Java\jdk-11\bin\VCRUNTIME140.dll
0x00007ffdfcbd0000 - 0x00007ffdfcbe9000 	C:\Program Files\Java\jdk-11\bin\jli.dll
0x00007ffe0aab0000 - 0x00007ffe0ab60000 	C:\Windows\System32\ADVAPI32.dll
0x00007ffe0aca0000 - 0x00007ffe0ad3e000 	C:\Windows\System32\msvcrt.dll
0x00007ffe0b5c0000 - 0x00007ffe0b660000 	C:\Windows\System32\sechost.dll
0x00007ffe0ab60000 - 0x00007ffe0ac83000 	C:\Windows\System32\RPCRT4.dll
0x00007ffe097b0000 - 0x00007ffe097d7000 	C:\Windows\System32\bcrypt.dll
0x00007ffe0a890000 - 0x00007ffe0aa2d000 	C:\Windows\System32\USER32.dll
0x00007ffdf9100000 - 0x00007ffdf939a000 	C:\Windows\WinSxS\amd64_microsoft.windows.common-controls_6595b64144ccf1df_6.0.19041.4355_none_60b8b9eb71f62e16\COMCTL32.dll
0x00007ffe094f0000 - 0x00007ffe09512000 	C:\Windows\System32\win32u.dll
0x00007ffe0b740000 - 0x00007ffe0b76b000 	C:\Windows\System32\GDI32.dll
0x00007ffe09be0000 - 0x00007ffe09cf7000 	C:\Windows\System32\gdi32full.dll
0x00007ffe09710000 - 0x00007ffe097ad000 	C:\Windows\System32\msvcp_win.dll
0x00007ffe02b50000 - 0x00007ffe02b5a000 	C:\Windows\SYSTEM32\VERSION.dll
0x00007ffe09e70000 - 0x00007ffe09e9f000 	C:\Windows\System32\IMM32.DLL
0x00007ffdfce80000 - 0x00007ffdfce8c000 	C:\Program Files\Java\jdk-11\bin\vcruntime140_1.dll
0x00007ffde20c0000 - 0x00007ffde214e000 	C:\Program Files\Java\jdk-11\bin\msvcp140.dll
0x00007ffda4a50000 - 0x00007ffda55bd000 	C:\Program Files\Java\jdk-11\bin\server\jvm.dll
0x00007ffe0a7d0000 - 0x00007ffe0a7d8000 	C:\Windows\System32\PSAPI.DLL
0x00007ffdffe40000 - 0x00007ffdffe67000 	C:\Windows\SYSTEM32\WINMM.dll
0x00007ffe04e10000 - 0x00007ffe04e19000 	C:\Windows\SYSTEM32\WSOCK32.dll
0x00007ffe0bc00000 - 0x00007ffe0bc6b000 	C:\Windows\System32\WS2_32.dll
0x00007ffe07390000 - 0x00007ffe073a2000 	C:\Windows\SYSTEM32\kernel.appcore.dll
0x00007ffdfcdc0000 - 0x00007ffdfcdd0000 	C:\Program Files\Java\jdk-11\bin\verify.dll
0x00007ffe01f80000 - 0x00007ffe02164000 	C:\Windows\SYSTEM32\DBGHELP.DLL
0x00007ffde7ad0000 - 0x00007ffde7b04000 	C:\Windows\SYSTEM32\dbgcore.DLL
0x00007ffe09680000 - 0x00007ffe09702000 	C:\Windows\System32\bcryptPrimitives.dll
0x00007ffdfc160000 - 0x00007ffdfc188000 	C:\Program Files\Java\jdk-11\bin\java.dll
0x00007ffdfcb20000 - 0x00007ffdfcb2a000 	C:\Program Files\Java\jdk-11\bin\jimage.dll
0x00007ffdcd020000 - 0x00007ffdcd058000 	C:\Program Files\Java\jdk-11\bin\jdwp.dll
0x00007ffde9050000 - 0x00007ffde905e000 	C:\Program Files\Java\jdk-11\bin\instrument.dll
0x00007ffdfc090000 - 0x00007ffdfc0a7000 	C:\Program Files\Java\jdk-11\bin\zip.dll
0x00007ffe09fd0000 - 0x00007ffe0a73f000 	C:\Windows\System32\SHELL32.dll
0x00007ffe07590000 - 0x00007ffe07d2f000 	C:\Windows\SYSTEM32\windows.storage.dll
0x00007ffe0b770000 - 0x00007ffe0bac3000 	C:\Windows\System32\combase.dll
0x00007ffe08f10000 - 0x00007ffe08f3e000 	C:\Windows\SYSTEM32\Wldp.dll
0x00007ffe0b1b0000 - 0x00007ffe0b27d000 	C:\Windows\System32\OLEAUT32.dll
0x00007ffe0b360000 - 0x00007ffe0b40d000 	C:\Windows\System32\SHCORE.dll
0x00007ffe0bd90000 - 0x00007ffe0bde5000 	C:\Windows\System32\shlwapi.dll
0x00007ffe09420000 - 0x00007ffe09444000 	C:\Windows\SYSTEM32\profapi.dll
0x00007ffde5c60000 - 0x00007ffde5c6b000 	C:\Program Files\Java\jdk-11\bin\dt_socket.dll
0x00007ffe08c70000 - 0x00007ffe08cda000 	C:\Windows\system32\mswsock.dll
0x00007ffdf0eb0000 - 0x00007ffdf0ec9000 	C:\Program Files\Java\jdk-11\bin\net.dll
0x00007ffe03b80000 - 0x00007ffe03c8d000 	C:\Windows\SYSTEM32\WINHTTP.dll
0x00007ffdf0e90000 - 0x00007ffdf0ea2000 	C:\Program Files\Java\jdk-11\bin\nio.dll
0x00007ffe08e70000 - 0x00007ffe08e88000 	C:\Windows\SYSTEM32\CRYPTSP.dll
0x00007ffe08520000 - 0x00007ffe08554000 	C:\Windows\system32\rsaenh.dll
0x00007ffe09390000 - 0x00007ffe093be000 	C:\Windows\SYSTEM32\USERENV.dll
0x00007ffe08e60000 - 0x00007ffe08e6c000 	C:\Windows\SYSTEM32\CRYPTBASE.dll
0x00007ffe08900000 - 0x00007ffe0893b000 	C:\Windows\SYSTEM32\IPHLPAPI.DLL
0x00007ffe0bdf0000 - 0x00007ffe0bdf8000 	C:\Windows\System32\NSI.dll
0x00007ffe036a0000 - 0x00007ffe036b7000 	C:\Windows\SYSTEM32\dhcpcsvc6.DLL
0x00007ffe035d0000 - 0x00007ffe035ed000 	C:\Windows\SYSTEM32\dhcpcsvc.DLL
0x00007ffe08950000 - 0x00007ffe08a1a000 	C:\Windows\SYSTEM32\DNSAPI.dll
0x00007ffde19a0000 - 0x00007ffde19b7000 	C:\Windows\system32\napinsp.dll
0x00007ffde1980000 - 0x00007ffde199b000 	C:\Windows\system32\pnrpnsp.dll
0x00007ffe059a0000 - 0x00007ffe059b5000 	C:\Windows\system32\wshbth.dll
0x00007ffe05620000 - 0x00007ffe0563d000 	C:\Windows\system32\NLAapi.dll
0x00007ffde1710000 - 0x00007ffde1722000 	C:\Windows\System32\winrnr.dll
0x00007ffe02230000 - 0x00007ffe0223a000 	C:\Windows\System32\rasadhlp.dll
0x00007ffdfd820000 - 0x00007ffdfd8a0000 	C:\Windows\System32\fwpuclnt.dll
0x00007ffde9040000 - 0x00007ffde9049000 	C:\Program Files\Java\jdk-11\bin\management.dll
0x00007ffde9030000 - 0x00007ffde903b000 	C:\Program Files\Java\jdk-11\bin\management_ext.dll

dbghelp: loaded successfully - version: 4.0.5 - missing functions: none
symbol engine: initialized successfully - sym options: 0x614 - pdb path: .;C:\Program Files\Java\jdk-11\bin;C:\Windows\SYSTEM32;C:\Windows\WinSxS\amd64_microsoft.windows.common-controls_6595b64144ccf1df_6.0.19041.4355_none_60b8b9eb71f62e16;C:\Program Files\Java\jdk-11\bin\server

VM Arguments:
jvm_args: -agentlib:jdwp=transport=dt_socket,address=127.0.0.1:49306,suspend=y,server=n -ea -javaagent:C:\Users\docen\.m2\repository/org/aspectj/aspectjweaver/1.9.22/aspectjweaver-1.9.22.jar -Didea.test.cyclic.buffer.size=1048576 -javaagent:C:\Users\docen\AppData\Local\JetBrains\IdeaIC2024.1\captureAgent\debugger-agent.jar=file:/C:/Users/docen/AppData/Local/Temp/capture.props -Dfile.encoding=UTF-8 
java_command: com.intellij.rt.junit.JUnitStarter -ideVersion5 -junit5 test.ApiLoginOld,getProfilCookie
java_class_path (initial): C:\Program Files\JetBrains\IntelliJ IDEA Community Edition 2024.1.5\lib\idea_rt.jar;C:\Program Files\JetBrains\IntelliJ IDEA Community Edition 2024.1.5\plugins\junit\lib\junit5-rt.jar;C:\Program Files\JetBrains\IntelliJ IDEA Community Edition 2024.1.5\plugins\junit\lib\junit-rt.jar;D:\project\TestBookMarket\target\test-classes;C:\Users\docen\.m2\repository\io\qameta\allure\allure-junit5\2.29.0\allure-junit5-2.29.0.jar;C:\Users\docen\.m2\repository\io\qameta\allure\allure-junit-platform\2.29.0\allure-junit-platform-2.29.0.jar;C:\Users\docen\.m2\repository\org\junit\platform\junit-platform-launcher\1.10.3\junit-platform-launcher-1.10.3.jar;C:\Users\docen\.m2\repository\io\qameta\allure\allure-test-filter\2.29.0\allure-test-filter-2.29.0.jar;C:\Users\docen\.m2\repository\io\qameta\allure\allure-selenide\2.24.0\allure-selenide-2.24.0.jar;C:\Users\docen\.m2\repository\io\qameta\allure\allure-java-commons\2.24.0\allure-java-commons-2.24.0.jar;C:\Users\docen\.m2\repository\io\qameta\allure\allure-model\2.24.0\allure-model-2.24.0.jar;C:\Users\docen\.m2\repository\com\codeborne\selenide\6.19.1\selenide-6.19.1.jar;C:\Users\docen\.m2\repository\org\seleniumhq\selenium\selenium-java\4.13.0\selenium-java-4.13.0.jar;C:\Users\docen\.m2\repository\org\seleniumhq\selenium\selenium-api\4.13.0\selenium-api-4.13.0.jar;C:\Users\docen\.m2\repository\org\seleniumhq\selenium\selenium-chrome-driver\4.13.0\selenium-chrome-driver-4.13.0.jar;C:\Users\docen\.m2\repository\com\google\auto\service\auto-service-annotations\1.1.1\auto-service-annotations-1.1.1.jar;C:\Users\docen\.m2\repository\org\seleniumhq\selenium\selenium-chromium-driver\4.13.0\selenium-chromium-driver-4.13.0.jar;C:\Users\docen\.m2\repository\org\seleniumhq\selenium\selenium-json\4.13.0\selenium-json-4.13.0.jar;C:\Users\docen\.m2\repository\org\seleniumhq\selenium\selenium-manager\4.13.0\selenium-manager-4.13.0.jar;C:\Users\docen\.m2\repository\org\seleniumhq\selenium\selenium-devtools-v115\4.13.0\s
Launcher Type: SUN_STANDARD

[Global flags]
     intx CICompilerCount                          = 4                                         {product} {ergonomic}
     uint ConcGCThreads                            = 3                                         {product} {ergonomic}
     uint G1ConcRefinementThreads                  = 10                                        {product} {ergonomic}
   size_t G1HeapRegionSize                         = 1048576                                   {product} {ergonomic}
    uintx GCDrainStackTargetSize                   = 64                                        {product} {ergonomic}
   size_t InitialHeapSize                          = 268435456                                 {product} {ergonomic}
   size_t MarkStackSize                            = 4194304                                   {product} {ergonomic}
   size_t MaxHeapSize                              = 4278190080                                {product} {ergonomic}
   size_t MaxNewSize                               = 2566914048                                {product} {ergonomic}
   size_t MinHeapDeltaBytes                        = 1048576                                   {product} {ergonomic}
    uintx NonNMethodCodeHeapSize                   = 5836300                                {pd product} {ergonomic}
    uintx NonProfiledCodeHeapSize                  = 122910970                              {pd product} {ergonomic}
    uintx ProfiledCodeHeapSize                     = 122910970                              {pd product} {ergonomic}
    uintx ReservedCodeCacheSize                    = 251658240                              {pd product} {ergonomic}
     bool SegmentedCodeCache                       = true                                      {product} {ergonomic}
     bool UseCompressedClassPointers               = true                                 {lp64_product} {ergonomic}
     bool UseCompressedOops                        = true                                 {lp64_product} {ergonomic}
     bool UseG1GC                                  = true                                      {product} {ergonomic}
     bool UseLargePagesIndividualAllocation        = false                                  {pd product} {ergonomic}

Logging:
Log output configuration:
 #0: stdout all=warning uptime,level,tags
 #1: stderr all=off uptime,level,tags

Environment Variables:
JAVA_HOME=C:\Program Files\Java\jdk-11
PATH=C:\Program Files\Common Files\Oracle\Java\javapath;C:\Program Files (x86)\Common Files\Oracle\Java\javapath;C:\Windows\system32;C:\Windows;C:\Windows\System32\Wbem;C:\Windows\System32\WindowsPowerShell\v1.0\;C:\Windows\System32\OpenSSH\;C:\Program Files (x86)\NVIDIA Corporation\PhysX\Common;C:\Program Files\NVIDIA Corporation\NVIDIA NvDLISR;C:\Program Files (x86)\Microsoft SQL Server\160\DTS\Binn\;C:\Program Files\Azure Data Studio\bin;C:\Program Files\TortoiseSVN\bin;C:\Maven_3.9.8\bin;C:\Program Files\Git\cmd;C:\Program Files\Go\bin;C:\Windows\system32\config\systemprofile\AppData\Local\Microsoft\WindowsApps;C:\Program Files\Azure Data Studio\bin;C:\Users\docen\AppData\Local\Programs\Microsoft VS Code\bin;C:\Users\docen\AppData\Local\Programs\Lens\resources\cli\bin;%2%;;C:\Program Files\JetBrains\IntelliJ IDEA 2024.1.4\bin;;C:\Program Files\JetBrains\IntelliJ IDEA Community Edition 2024.1.5\bin;;C:\Users\docen\go\bin
USERNAME=docen
OS=Windows_NT
PROCESSOR_IDENTIFIER=AMD64 Family 23 Model 113 Stepping 0, AuthenticAMD



---------------  S Y S T E M  ---------------

OS: Windows 10 , 64 bit Build 19041 (10.0.19041.4717)

CPU:total 12 (initial active 12) (12 cores per cpu, 2 threads per core) family 23 model 113 stepping 0 microcode 0x0, cmov, cx8, fxsr, mmx, sse, sse2, sse3, ssse3, sse4.1, sse4.2, popcnt, avx, avx2, aes, clmul, mmxext, 3dnowpref, lzcnt, sse4a, ht, tsc, tscinvbit, tscinv, bmi1, bmi2, adx,

Memory: 4k page, system-wide physical 16315M (3638M free)
TotalPageFile size 20826M (AvailPageFile size 3264M)
current process WorkingSet (physical memory assigned to process): 263M, peak: 347M
current process commit charge ("private bytes"): 385M, peak: 454M

vm_info: Java HotSpot(TM) 64-Bit Server VM (11.0.21+9-LTS-193) for windows-amd64 JRE (11.0.21+9-LTS-193), built on Sep 13 2023 11:04:38 by "mach5one" with MS VC++ 17.1 (VS2022)

END.
